<?xml version="1.0" encoding="UTF-8"?>
<!-- Generated by org.testng.reporters.JUnitReportReporter -->
<testsuite hostname="LAPTOP-AT2OBN7U" failures="0" tests="1" name="functionality.TC_Car_3_Test" time="4.482" errors="0" timestamp="2024-02-15T20:41:06 IST" skipped="0">
  <testcase classname="functionality.TC_Car_3_Test" name="rollsroyce" time="4.482"/>
  <system-out/>
</testsuite> <!-- functionality.TC_Car_3_Test -->
