<?xml version="1.0" encoding="UTF-8"?>
<!-- Generated by org.testng.reporters.JUnitReportReporter -->
<testsuite hostname="LAPTOP-AT2OBN7U" failures="0" tests="1" name="functionality.TC_Car_1_Test" time="6.654" errors="0" timestamp="2024-02-13T19:40:03 IST" skipped="0">
  <testcase classname="functionality.TC_Car_1_Test" name="Audi" time="6.654"/>
  <system-out/>
</testsuite> <!-- functionality.TC_Car_1_Test -->
